<?xml version="1.0" encoding="UTF-8"?>
<!-- Generated by org.testng.reporters.JUnitXMLReporter -->
<testsuite ignored="0" hostname="BANPC0XGV2W" failures="1" tests="2" name="Test1" time="15.235" errors="0" timestamp="07 Jul 2020 00:20:24 GMT">
  <testcase classname="com.w2a.testCases.Add_Customer_Test" name="AddCustomer" time="0.0">
    <failure type="org.testng.TestNGException" message="
Method public void com.w2a.testCases.Add_Customer_Test.AddCustomer(java.lang.String,java.lang.String,java.lang.String) throws java.lang.InterruptedException requires a @DataProvider named : getAddcust_data">
      <![CDATA[org.testng.TestNGException: 
Method public void com.w2a.testCases.Add_Customer_Test.AddCustomer(java.lang.String,java.lang.String,java.lang.String) throws java.lang.InterruptedException requires a @DataProvider named : getAddcust_data
... Removed 22 stack frames]]>
    </failure>
  </testcase> <!-- AddCustomer -->
  <testcase classname="com.w2a.testCases.LoginTest" name="LoginAsbankmgr" time="3.107"/>
</testsuite> <!-- Test1 -->
