<?xml version="1.0" encoding="UTF-8"?>
<!-- Generated by org.testng.reporters.JUnitXMLReporter -->
<testsuite ignored="0" hostname="BANPC0XGV2W" failures="1" tests="2" name="Test" time="15.533" errors="0" timestamp="07 Jul 2020 00:34:47 GMT">
  <testcase classname="com.w2a.testCases.LoginTest" name="LoginAsbankmgr" time="3.189"/>
  <testcase classname="com.w2a.testCases.Add_Customer_Test" name="AddCustomer" time="0.0">
    <failure type="org.testng.TestNGException" message="
Method public void com.w2a.testCases.Add_Customer_Test.AddCustomer(java.lang.String,java.lang.String,java.lang.String) requires a @DataProvider named : getData">
      <![CDATA[org.testng.TestNGException: 
Method public void com.w2a.testCases.Add_Customer_Test.AddCustomer(java.lang.String,java.lang.String,java.lang.String) requires a @DataProvider named : getData
... Removed 22 stack frames]]>
    </failure>
  </testcase> <!-- AddCustomer -->
</testsuite> <!-- Test -->
