<?xml version="1.0" encoding="UTF-8"?>
<testng-results ignored="0" total="1" passed="1" failed="0" skipped="0">
  <reporter-output>
  </reporter-output>
  <suite started-at="2020-06-29T11:18:28Z" name="Suite" finished-at="2020-06-29T11:18:37Z" duration-ms="9383">
    <groups>
    </groups>
    <test started-at="2020-06-29T11:18:28Z" name="Test" finished-at="2020-06-29T11:18:37Z" duration-ms="9383">
      <class name="com.w2a.testCases.LoginTest">
        <test-method is-config="true" signature="setup()[pri:0, instance:com.w2a.testCases.LoginTest@4b45a2f5]" started-at="2020-06-29T11:18:28Z" name="setup" finished-at="2020-06-29T11:18:33Z" duration-ms="5576" status="PASS">
          <reporter-output>
          </reporter-output>
        </test-method> <!-- setup -->
        <test-method signature="LoginAsbankmgr()[pri:0, instance:com.w2a.testCases.LoginTest@4b45a2f5]" started-at="2020-06-29T11:18:33Z" name="LoginAsbankmgr" finished-at="2020-06-29T11:18:36Z" duration-ms="3101" status="PASS">
          <reporter-output>
          </reporter-output>
        </test-method> <!-- LoginAsbankmgr -->
        <test-method is-config="true" signature="tearDown()[pri:0, instance:com.w2a.testCases.LoginTest@4b45a2f5]" started-at="2020-06-29T11:18:36Z" name="tearDown" finished-at="2020-06-29T11:18:37Z" duration-ms="671" status="PASS">
          <reporter-output>
          </reporter-output>
        </test-method> <!-- tearDown -->
      </class> <!-- com.w2a.testCases.LoginTest -->
    </test> <!-- Test -->
  </suite> <!-- Suite -->
</testng-results>
